aINFO 2022-09-26 14:44:20,280 views 11060 6148 Admin added successfully!
INFO 2022-09-27 09:34:46,189 views 3552 13132 Admin added successfully!
INFO 2022-10-01 21:11:09,664 views 20184 2148 Admin added successfully!
INFO 2022-10-01 21:11:32,308 views 20184 6284 Institute added!
INFO 2022-10-01 21:12:44,433 views 16036 12484 Course insertion failed!
INFO 2022-10-01 21:18:42,845 views 5344 11608 Course deleted successfully for Id : <built-in function id>
INFO 2022-10-01 21:19:01,090 views 8512 18980 Course deleted successfully for Id : 2
INFO 2022-10-01 21:26:57,074 views 14396 19892 Institute deleted successfully for Id : 1
INFO 2022-10-01 21:27:05,042 views 14396 19892 Institute added!
INFO 2022-10-01 21:30:01,605 views 3880 5240 Institute updation successfully!
INFO 2022-10-01 21:41:30,018 views 19368 20064 Course deleted successfully for Id : 8
INFO 2022-10-01 21:41:33,669 views 19368 20064 Course deleted successfully for Id : 7
INFO 2022-10-01 21:41:35,623 views 19368 20064 Course deleted successfully for Id : 6
INFO 2022-10-01 21:45:43,406 views 8528 20348 Course deleted successfully for Id : 5
INFO 2022-10-01 21:53:39,018 views 2460 20332 Course deleted successfully for Id : 15
INFO 2022-10-01 21:53:41,575 views 2460 20332 Course deleted successfully for Id : 14
INFO 2022-10-01 21:53:44,376 views 2460 20332 Course deleted successfully for Id : 10
INFO 2022-10-01 21:53:46,129 views 2460 20332 Course deleted successfully for Id : 9
INFO 2022-10-01 21:53:47,576 views 2460 20332 Course deleted successfully for Id : 13
INFO 2022-10-01 21:53:49,298 views 2460 17452 Course deleted successfully for Id : 12
INFO 2022-10-01 21:54:13,180 views 1760 8856 Course deleted successfully for Id : 11
INFO 2022-10-01 21:55:31,869 views 6208 5856 Course deleted successfully for Id : 17
INFO 2022-10-01 21:55:33,625 views 6208 5856 Course deleted successfully for Id : 16
INFO 2022-10-01 21:59:51,960 views 7000 9452 Course deleted successfully for Id : 21
INFO 2022-10-01 21:59:53,902 views 7000 9452 Course deleted successfully for Id : 20
INFO 2022-10-01 21:59:55,754 views 7000 9452 Course deleted successfully for Id : 19
INFO 2022-10-01 21:59:57,571 views 7000 9452 Course deleted successfully for Id : 18
INFO 2022-10-01 21:59:59,998 views 7000 19416 Course deleted successfully for Id : 22
INFO 2022-10-01 22:05:09,015 views 6372 15300 Course deleted successfully for Id : 25
INFO 2022-10-01 22:05:10,412 views 6372 2448 Course deleted successfully for Id : 24
INFO 2022-10-01 22:05:13,106 views 6372 2448 Course deleted successfully for Id : 23
INFO 2022-10-01 22:08:19,369 views 20444 8696 Course deleted successfully for Id : 27
INFO 2022-10-01 22:08:21,516 views 20444 4100 Course deleted successfully for Id : 26
INFO 2022-10-01 22:14:17,339 views 4612 12668 Course deleted successfully for Id : 32
INFO 2022-10-01 22:14:19,706 views 4612 12668 Course deleted successfully for Id : 34
INFO 2022-10-01 22:14:24,091 views 4612 16376 Course deleted successfully for Id : 33
INFO 2022-10-01 22:14:25,961 views 4612 16376 Course deleted successfully for Id : 31
INFO 2022-10-01 22:14:27,487 views 4612 16376 Course deleted successfully for Id : 30
INFO 2022-10-01 22:14:29,393 views 4612 16376 Course deleted successfully for Id : 29
INFO 2022-10-01 22:14:31,356 views 4612 5036 Course deleted successfully for Id : 28
INFO 2022-10-01 22:18:00,038 views 8596 16100 Course deleted successfully for Id : 36
INFO 2022-10-01 22:18:49,374 views 11052 20444 Semesters added successfully for Course
INFO 2022-10-01 22:18:49,376 views 11052 20444 Semesters added successfully for Course
INFO 2022-10-01 22:18:49,377 views 11052 20444 Semesters added successfully for Course
INFO 2022-10-01 22:18:49,379 views 11052 20444 Semesters added successfully for Course
INFO 2022-10-01 22:18:49,380 views 11052 20444 Semesters added successfully for Course
INFO 2022-10-01 22:19:14,533 views 11052 19448 Semesters added successfully for Course
INFO 2022-10-01 22:19:14,534 views 11052 19448 Semesters added successfully for Course
INFO 2022-10-01 22:19:14,536 views 11052 19448 Semesters added successfully for Course
INFO 2022-10-01 22:19:14,538 views 11052 19448 Semesters added successfully for Course
INFO 2022-10-01 22:19:14,539 views 11052 19448 Semesters added successfully for Course
INFO 2022-10-01 22:19:14,541 views 11052 19448 Semesters added successfully for Course
INFO 2022-10-01 22:19:14,542 views 11052 19448 Semesters added successfully for Course
INFO 2022-10-01 22:19:14,544 views 11052 19448 Semesters added successfully for Course
INFO 2022-10-01 22:19:14,547 views 11052 19448 Semesters added successfully for Course
INFO 2022-10-01 22:19:14,549 views 11052 19448 Semesters added successfully for Course
INFO 2022-10-01 22:21:10,474 views 11052 19904 Semesters added successfully for Course
INFO 2022-10-01 22:21:10,476 views 11052 19904 Semesters added successfully for Course
INFO 2022-10-01 22:21:10,478 views 11052 19904 Semesters added successfully for Course
INFO 2022-10-01 22:21:10,480 views 11052 19904 Semesters added successfully for Course
INFO 2022-10-01 22:21:10,481 views 11052 19904 Semesters added successfully for Course
INFO 2022-10-01 22:46:43,074 views 3940 18176 Institute added!
INFO 2022-10-01 22:49:27,522 views 13328 9100 Admin added successfully!
INFO 2022-10-02 15:08:53,186 views 20976 3500 Admin added successfully!
INFO 2022-10-02 18:02:29,377 views 6156 7760 Semesters added successfully for Course
INFO 2022-10-02 18:02:29,386 views 6156 7760 Semesters added successfully for Course
INFO 2022-10-02 18:02:29,394 views 6156 7760 Semesters added successfully for Course
INFO 2022-10-02 18:02:29,394 views 6156 7760 Semesters added successfully for Course
INFO 2022-10-02 18:02:53,784 views 6156 13056 Semesters added successfully for Course
INFO 2022-10-02 18:02:53,790 views 6156 13056 Semesters added successfully for Course
INFO 2022-10-02 18:08:29,809 views 9844 3592 Semesters added successfully for Course
INFO 2022-10-02 18:08:29,811 views 9844 3592 Semesters added successfully for Course
INFO 2022-10-02 18:08:56,217 views 9844 20660 Course deleted successfully for Id : 44
INFO 2022-10-02 18:09:07,831 views 9844 11164 Course deleted successfully for Id : 43
INFO 2022-10-02 18:09:10,440 views 9844 11164 Course deleted successfully for Id : 42
INFO 2022-10-02 19:54:28,300 views 19020 10584 Course deleted successfully for Id : 40
INFO 2022-10-02 19:54:30,227 views 19020 4912 Course deleted successfully for Id : 41
INFO 2022-10-02 19:54:44,826 views 19020 17060 Semesters added successfully for Course
INFO 2022-10-02 19:54:44,827 views 19020 17060 Semesters added successfully for Course
INFO 2022-10-02 19:54:44,829 views 19020 17060 Semesters added successfully for Course
INFO 2022-10-02 19:54:44,830 views 19020 17060 Semesters added successfully for Course
INFO 2022-10-02 19:54:44,832 views 19020 17060 Semesters added successfully for Course
INFO 2022-10-05 22:42:05,938 views 16712 9916 Semesters added successfully for Course
INFO 2022-10-05 22:42:05,940 views 16712 9916 Semesters added successfully for Course
INFO 2022-10-05 22:42:05,942 views 16712 9916 Semesters added successfully for Course
INFO 2022-10-05 22:42:05,943 views 16712 9916 Semesters added successfully for Course
